[0.009s] Invoking command in '/home/angiaho/robotdev_ws/src/my_bot/build/my_bot': CMAKE_PREFIX_PATH=${CMAKE_PREFIX_PATH}:/opt/ros/humble /usr/bin/cmake /home/angiaho/robotdev_ws/src/my_bot -DAMENT_CMAKE_SYMLINK_INSTALL=1 -DCMAKE_INSTALL_PREFIX=/home/angiaho/robotdev_ws/src/my_bot/install/my_bot
[0.099s] -- The C compiler identification is GNU 11.4.0
[0.182s] -- The CXX compiler identification is GNU 11.4.0
[0.191s] -- Detecting C compiler ABI info
[0.253s] -- Detecting C compiler ABI info - done
[0.258s] -- Check for working C compiler: /usr/bin/cc - skipped
[0.258s] -- Detecting C compile features
[0.259s] -- Detecting C compile features - done
[0.262s] -- Detecting CXX compiler ABI info
[0.331s] -- Detecting CXX compiler ABI info - done
[0.338s] -- Check for working CXX compiler: /usr/bin/c++ - skipped
[0.338s] -- Detecting CXX compile features
[0.338s] -- Detecting CXX compile features - done
[0.341s] -- Found ament_cmake: 1.3.14 (/opt/ros/humble/share/ament_cmake/cmake)
[0.462s] -- Found Python3: /usr/bin/python3 (found version "3.10.12") found components: Interpreter 
[0.515s] -- Override CMake install command with custom implementation using symlinks instead of copying resources
[0.544s] -- Found ament_lint_auto: 0.12.15 (/opt/ros/humble/share/ament_lint_auto/cmake)
[0.610s] -- Added test 'copyright' to check source files copyright and LICENSE
[0.625s] -- Added test 'cppcheck' to perform static code analysis on C / C++ code
[0.625s] -- Configured cppcheck include dirs: 
[0.625s] -- Configured cppcheck exclude dirs and/or files: 
[0.640s] -- Added test 'cpplint' to check C / C++ code against the Google style
[0.640s] -- Configured cpplint exclude dirs and/or files: 
[0.642s] -- Added test 'flake8' to check Python code syntax and style conventions
[0.647s] -- Added test 'lint_cmake' to check CMake code style
[0.649s] -- Added test 'pep257' to check Python code against some of the docstring style conventions in PEP 257
[0.663s] -- Added test 'uncrustify' to check C / C++ code style
[0.663s] -- Configured uncrustify additional arguments: 
[0.666s] -- Added test 'xmllint' to check XML markup files
[0.668s] -- Configuring done
[0.671s] -- Generating done
[0.672s] -- Build files have been written to: /home/angiaho/robotdev_ws/src/my_bot/build/my_bot
[0.676s] Invoked command in '/home/angiaho/robotdev_ws/src/my_bot/build/my_bot' returned '0': CMAKE_PREFIX_PATH=${CMAKE_PREFIX_PATH}:/opt/ros/humble /usr/bin/cmake /home/angiaho/robotdev_ws/src/my_bot -DAMENT_CMAKE_SYMLINK_INSTALL=1 -DCMAKE_INSTALL_PREFIX=/home/angiaho/robotdev_ws/src/my_bot/install/my_bot
[0.677s] Invoking command in '/home/angiaho/robotdev_ws/src/my_bot/build/my_bot': CMAKE_PREFIX_PATH=${CMAKE_PREFIX_PATH}:/opt/ros/humble /usr/bin/cmake --build /home/angiaho/robotdev_ws/src/my_bot/build/my_bot -- -j16 -l16
[0.710s] Invoked command in '/home/angiaho/robotdev_ws/src/my_bot/build/my_bot' returned '0': CMAKE_PREFIX_PATH=${CMAKE_PREFIX_PATH}:/opt/ros/humble /usr/bin/cmake --build /home/angiaho/robotdev_ws/src/my_bot/build/my_bot -- -j16 -l16
[0.719s] Invoking command in '/home/angiaho/robotdev_ws/src/my_bot/build/my_bot': CMAKE_PREFIX_PATH=${CMAKE_PREFIX_PATH}:/opt/ros/humble /usr/bin/cmake --install /home/angiaho/robotdev_ws/src/my_bot/build/my_bot
[0.725s] -- Install configuration: ""
[0.725s] -- Execute custom install script
[0.726s] -- Symlinking: /home/angiaho/robotdev_ws/src/my_bot/install/my_bot/share/my_bot/config/drive_bot.rviz
[0.734s] -- Symlinking: /home/angiaho/robotdev_ws/src/my_bot/install/my_bot/share/my_bot/config/empty.yaml
[0.742s] -- Symlinking: /home/angiaho/robotdev_ws/src/my_bot/install/my_bot/share/my_bot/config/view_bot.rviz
[0.749s] -- Symlinking: /home/angiaho/robotdev_ws/src/my_bot/install/my_bot/share/my_bot/description/gazebo_control.xacro
[0.757s] -- Symlinking: /home/angiaho/robotdev_ws/src/my_bot/install/my_bot/share/my_bot/description/inertial_macros.xacro
[0.764s] -- Symlinking: /home/angiaho/robotdev_ws/src/my_bot/install/my_bot/share/my_bot/description/lidar.xacro
[0.771s] -- Symlinking: /home/angiaho/robotdev_ws/src/my_bot/install/my_bot/share/my_bot/description/robot.urdf.xacro
[0.778s] -- Symlinking: /home/angiaho/robotdev_ws/src/my_bot/install/my_bot/share/my_bot/description/robot_core.xacro
[0.785s] -- Symlinking: /home/angiaho/robotdev_ws/src/my_bot/install/my_bot/share/my_bot/launch/launch_sim.launch.py
[0.793s] -- Symlinking: /home/angiaho/robotdev_ws/src/my_bot/install/my_bot/share/my_bot/launch/rsp.launch.py
[0.801s] -- Symlinking: /home/angiaho/robotdev_ws/src/my_bot/install/my_bot/share/my_bot/worlds/empty.world
[0.809s] -- Symlinking: /home/angiaho/robotdev_ws/src/my_bot/install/my_bot/share/my_bot/worlds/obstacles.world
[0.817s] -- Symlinking: /home/angiaho/robotdev_ws/src/my_bot/install/my_bot/share/ament_index/resource_index/package_run_dependencies/my_bot
[0.824s] -- Symlinking: /home/angiaho/robotdev_ws/src/my_bot/install/my_bot/share/ament_index/resource_index/parent_prefix_path/my_bot
[0.832s] -- Symlinking: /home/angiaho/robotdev_ws/src/my_bot/install/my_bot/share/my_bot/environment/ament_prefix_path.sh
[0.840s] -- Symlinking: /home/angiaho/robotdev_ws/src/my_bot/install/my_bot/share/my_bot/environment/ament_prefix_path.dsv
[0.847s] -- Symlinking: /home/angiaho/robotdev_ws/src/my_bot/install/my_bot/share/my_bot/environment/path.sh
[0.854s] -- Symlinking: /home/angiaho/robotdev_ws/src/my_bot/install/my_bot/share/my_bot/environment/path.dsv
[0.862s] -- Symlinking: /home/angiaho/robotdev_ws/src/my_bot/install/my_bot/share/my_bot/local_setup.bash
[0.869s] -- Symlinking: /home/angiaho/robotdev_ws/src/my_bot/install/my_bot/share/my_bot/local_setup.sh
[0.877s] -- Symlinking: /home/angiaho/robotdev_ws/src/my_bot/install/my_bot/share/my_bot/local_setup.zsh
[0.884s] -- Symlinking: /home/angiaho/robotdev_ws/src/my_bot/install/my_bot/share/my_bot/local_setup.dsv
[0.892s] -- Symlinking: /home/angiaho/robotdev_ws/src/my_bot/install/my_bot/share/my_bot/package.dsv
[0.901s] -- Symlinking: /home/angiaho/robotdev_ws/src/my_bot/install/my_bot/share/ament_index/resource_index/packages/my_bot
[0.909s] -- Symlinking: /home/angiaho/robotdev_ws/src/my_bot/install/my_bot/share/my_bot/cmake/my_botConfig.cmake
[0.917s] -- Symlinking: /home/angiaho/robotdev_ws/src/my_bot/install/my_bot/share/my_bot/cmake/my_botConfig-version.cmake
[0.925s] -- Symlinking: /home/angiaho/robotdev_ws/src/my_bot/install/my_bot/share/my_bot/package.xml
[0.935s] Invoked command in '/home/angiaho/robotdev_ws/src/my_bot/build/my_bot' returned '0': CMAKE_PREFIX_PATH=${CMAKE_PREFIX_PATH}:/opt/ros/humble /usr/bin/cmake --install /home/angiaho/robotdev_ws/src/my_bot/build/my_bot
